tensor([1., 4., 9.])
tensor([1., 4., 9.])
tensor([1., 4., 9.])
=============
Profiling torch.square
=============
-------------------------  ------------  ------------  ------------  ------------  ------------  ------------  ------------  ------------  ------------  ------------  
                     Name    Self CPU %      Self CPU   CPU total %     CPU total  CPU time avg     Self CUDA   Self CUDA %    CUDA total  CUDA time avg    # of Calls  
-------------------------  ------------  ------------  ------------  ------------  ------------  ------------  ------------  ------------  ------------  ------------  
             aten::square         0.70%      25.128us         7.60%     274.574us     274.574us       9.000us         0.25%       3.651ms       3.651ms             1  
                aten::pow         4.58%     165.649us         6.71%     242.490us     242.490us       3.632ms        99.48%       3.642ms       3.642ms             1  
                 aten::to         0.03%       1.235us         0.03%       1.235us       1.235us       7.000us         0.19%       7.000us       7.000us             1  
        aten::result_type         0.07%       2.703us         0.07%       2.703us       2.703us       3.000us         0.08%       3.000us       3.000us             1  
          cudaEventRecord         1.34%      48.452us         1.34%      48.452us       6.057us       0.000us         0.00%       0.000us       0.000us             8  
         cudaLaunchKernel         1.57%      56.731us         1.57%      56.731us      56.731us       0.000us         0.00%       0.000us       0.000us             1  
    cudaDeviceSynchronize        91.70%       3.314ms        91.70%       3.314ms       3.314ms       0.000us         0.00%       0.000us       0.000us             1  
-------------------------  ------------  ------------  ------------  ------------  ------------  ------------  ------------  ------------  ------------  ------------  
Self CPU time total: 3.614ms
Self CUDA time total: 3.651ms

=============
Profiling a * a
=============
-------------------------  ------------  ------------  ------------  ------------  ------------  ------------  ------------  ------------  ------------  ------------  
                     Name    Self CPU %      Self CPU   CPU total %     CPU total  CPU time avg     Self CUDA   Self CUDA %    CUDA total  CUDA time avg    # of Calls  
-------------------------  ------------  ------------  ------------  ------------  ------------  ------------  ------------  ------------  ------------  ------------  
                aten::mul         1.24%      52.227us         1.73%      72.985us      72.985us       4.109ms       100.00%       4.109ms       4.109ms             1  
          cudaEventRecord         0.68%      28.697us         0.68%      28.697us      14.349us       0.000us         0.00%       0.000us       0.000us             2  
         cudaLaunchKernel         0.49%      20.758us         0.49%      20.758us      20.758us       0.000us         0.00%       0.000us       0.000us             1  
    cudaDeviceSynchronize        97.59%       4.124ms        97.59%       4.124ms       4.124ms       0.000us         0.00%       0.000us       0.000us             1  
-------------------------  ------------  ------------  ------------  ------------  ------------  ------------  ------------  ------------  ------------  ------------  
Self CPU time total: 4.226ms
Self CUDA time total: 4.109ms

=============
Profiling a ** 2
=============
-------------------------  ------------  ------------  ------------  ------------  ------------  ------------  ------------  ------------  ------------  ------------  
                     Name    Self CPU %      Self CPU   CPU total %     CPU total  CPU time avg     Self CUDA   Self CUDA %    CUDA total  CUDA time avg    # of Calls  
-------------------------  ------------  ------------  ------------  ------------  ------------  ------------  ------------  ------------  ------------  ------------  
                aten::pow         1.85%      67.179us         2.98%     108.046us     108.046us       3.541ms        97.74%       3.623ms       3.623ms             1  
        aten::result_type         0.09%       3.135us         0.09%       3.135us       3.135us      53.000us         1.46%      53.000us      53.000us             1  
                 aten::to         0.03%       1.078us         0.03%       1.078us       1.078us      29.000us         0.80%      29.000us      29.000us             1  
          cudaEventRecord         1.15%      41.673us         1.15%      41.673us       6.945us       0.000us         0.00%       0.000us       0.000us             6  
         cudaLaunchKernel         0.57%      20.615us         0.57%      20.615us      20.615us       0.000us         0.00%       0.000us       0.000us             1  
    cudaDeviceSynchronize        96.31%       3.490ms        96.31%       3.490ms       3.490ms       0.000us         0.00%       0.000us       0.000us             1  
-------------------------  ------------  ------------  ------------  ------------  ------------  ------------  ------------  ------------  ------------  ------------  
Self CPU time total: 3.624ms
Self CUDA time total: 3.623ms

